<?xml version="1.0" encoding="UTF-8"?>
<Site BuildName="Darwin-clang++"
	BuildStamp="20240529-0024-Experimental"
	Name="steves-MacBook-Air.local"
	Generator="ctest-3.19.3"
	CompilerName="/usr/local/opt/llvm/bin/clang++"
	CompilerVersion="15.0.6"
	OSName="macOS"
	Hostname="steves-MacBook-Air.local"
	OSRelease="14.4.1"
	OSVersion="23E224"
	OSPlatform="arm64"
	Is64Bits="1"
	VendorString="IBM"
	VendorID="IBM"
	FamilyID="16777228"
	ModelID="2"
	ProcessorCacheSize="131072"
	NumberOfLogicalCPU="8"
	NumberOfPhysicalCPU="8"
	TotalVirtualMemory="5120"
	TotalPhysicalMemory="8192"
	LogicalProcessorsPerPhysical="8"
	ProcessorClockFrequency="0.016384"
	>
	<Testing>
		<StartDateTime>May 29 05:08 BST</StartDateTime>
		<StartTestTime>1716955720</StartTestTime>
		<TestList/>
		<EndDateTime>May 29 05:08 BST</EndDateTime>
		<EndTestTime>1716955720</EndTestTime>
		<ElapsedMinutes>0</ElapsedMinutes>
	</Testing>
</Site>
